main start at this time 1646716640.4399617
#nodes: 2449029
#edges: 123718024
#classes: 47
success----------------------------------------
196571
39255
2164782
# Nodes: 2400608
# Edges: 123718024
# Train: 196571
# Val: 39255
# Test: 2164782
# Classes: 47

----------------------------------------before generate_dataloader_block 
 Nvidia-smi: 2.0242919921875 GB
    Memory Allocated: 0.00010251998901367188  GigaBytes
Max Memory Allocated: 0.00010251998901367188  GigaBytes

The real block id is  2
get_global_graph_edges_ids_block function  spend 0.3288722038269043
range selection method range initialization spend 0.029051780700683594
time for parepare:  0.27237987518310547
local_output_nid generation:  0.02444934844970703
local_in_edges_tensor generation:  0.08378791809082031
mini_batch_src_global generation:  0.1152033805847168
r_  generation:  1.7715849876403809
local_output_nid generation:  0.026640892028808594
local_in_edges_tensor generation:  0.06412649154663086
mini_batch_src_global generation:  0.14807510375976562
r_  generation:  1.9422187805175781
----------------------check_connections_block total spend ----------------------------- 5.035688400268555
generate_one_block  7.552153825759888
generate_one_block  2.644871950149536
The real block id is  1
get_global_graph_edges_ids_block function  spend 2.0630135536193848
gen group dst list time:  0.06318044662475586
time for parepare:  0.4351029396057129
local_output_nid generation:  0.18533611297607422
local_in_edges_tensor generation:  0.8776888847351074
mini_batch_src_global generation:  1.0177302360534668
r_  generation:  14.588737964630127
local_output_nid generation:  0.37534213066101074
local_in_edges_tensor generation:  0.9823243618011475
mini_batch_src_global generation:  1.3184406757354736
r_  generation:  14.78321099281311
----------------------check_connections_block total spend ----------------------------- 39.486319065093994
generate_one_block  19.21576452255249
generate_one_block  19.063379526138306
The real block id is  0
get_global_graph_edges_ids_block function  spend 2.283189296722412
gen group dst list time:  0.15628719329833984
time for parepare:  0.4669923782348633
local_output_nid generation:  0.39893507957458496
local_in_edges_tensor generation:  1.0627498626708984
mini_batch_src_global generation:  1.2528808116912842
r_  generation:  18.249684810638428
local_output_nid generation:  0.6659810543060303
local_in_edges_tensor generation:  1.3315033912658691
mini_batch_src_global generation:  1.5930554866790771
r_  generation:  18.23250985145569
----------------------check_connections_block total spend ----------------------------- 49.47611713409424
generate_one_block  23.45386505126953
generate_one_block  24.066436052322388
-----------------------------------------after block dataloader generation 
 Nvidia-smi: 2.0242919921875 GB
    Memory Allocated: 0.00010251998901367188  GigaBytes
Max Memory Allocated: 0.00010251998901367188  GigaBytes

connection checking time:  88.96243619918823
block generation total time  85.79944515228271
average batch blocks generation time:  42.89972257614136
block dataloader generation time/epoch 226.87134528160095
for loop block_dataloader item  time:  1.8835067749023438e-05
for loop block_dataloader item  time:  0.00016546249389648438
times | data loading | model prediction | loss calculation | loss backward |  optimizer step |
      |1.1837270259857178 |0.3953733444213867 |0.00012993812561035156 |0.08343923091888428 |0.0033597946166992188 |
----------------------------------------------------------pseudo_mini_loss sum 8.795722007751465
Total (block generation + training)time/epoch 230.39248299598694
Training 1 time/epoch 3.52113676071167
Training time/epoch 3.5209763050079346
 Run 0| Epoch 0 |
Number of nodes during this epoch:  4498281
